  [1m[35m (1.0ms)[0m  [1m[34mSELECT pg_try_advisory_lock(902059658052748545)[0m
  [1m[35m (1.9ms)[0m  [1m[34mSELECT "schema_migrations"."version" FROM "schema_migrations" ORDER BY "schema_migrations"."version" ASC[0m
Migrating to CreateUsers (20211117190718)
  [1m[35m (0.4ms)[0m  [1m[34mSELECT pg_advisory_unlock(902059658052748545)[0m
  [1m[35m (0.2ms)[0m  [1m[34mSELECT pg_try_advisory_lock(902059658052748545)[0m
  [1m[35m (0.7ms)[0m  [1m[34mSELECT "schema_migrations"."version" FROM "schema_migrations" ORDER BY "schema_migrations"."version" ASC[0m
Migrating to CreateUsers (20211117190718)
  [1m[36mTRANSACTION (0.2ms)[0m  [1m[35mBEGIN[0m
  [1m[35m (66.4ms)[0m  [1m[35mCREATE TABLE "users" ("id" bigserial primary key, "name" character varying, "cpf" integer, "created_at" timestamp(6) NOT NULL, "updated_at" timestamp(6) NOT NULL)[0m
  [1m[36mTRANSACTION (0.2ms)[0m  [1m[31mROLLBACK[0m
  [1m[35m (0.3ms)[0m  [1m[34mSELECT pg_advisory_unlock(902059658052748545)[0m
  [1m[35m (1.1ms)[0m  [1m[34mSELECT "schema_migrations"."version" FROM "schema_migrations" ORDER BY "schema_migrations"."version" ASC[0m
  [1m[35m (1.1ms)[0m  [1m[34mSELECT "ar_internal_metadata"."value" FROM "ar_internal_metadata" WHERE "ar_internal_metadata"."key" = $1[0m  [["key", "environment"]]
  [1m[35m (0.4ms)[0m  [1m[34mSELECT "schema_migrations"."version" FROM "schema_migrations" ORDER BY "schema_migrations"."version" ASC[0m
  [1m[35m (0.4ms)[0m  [1m[34mSELECT "ar_internal_metadata"."value" FROM "ar_internal_metadata" WHERE "ar_internal_metadata"."key" = $1[0m  [["key", "environment"]]
  [1m[35m (0.4ms)[0m  [1m[34mSELECT "schema_migrations"."version" FROM "schema_migrations" ORDER BY "schema_migrations"."version" ASC[0m
  [1m[35m (0.4ms)[0m  [1m[34mSELECT "ar_internal_metadata"."value" FROM "ar_internal_metadata" WHERE "ar_internal_metadata"."key" = $1[0m  [["key", "environment"]]
  [1m[35m (37.0ms)[0m  [1m[35mDROP DATABASE IF EXISTS "api_scambu_development"[0m
  [1m[35m (31.1ms)[0m  [1m[35mDROP DATABASE IF EXISTS "api_scambu_test"[0m
  [1m[35m (227.3ms)[0m  [1m[35mCREATE DATABASE "api_scambu_development" ENCODING = 'unicode'[0m
  [1m[35m (115.4ms)[0m  [1m[35mCREATE DATABASE "api_scambu_test" ENCODING = 'unicode'[0m
  [1m[35m (14.8ms)[0m  [1m[35mCREATE TABLE "schema_migrations" ("version" character varying NOT NULL PRIMARY KEY)[0m
  [1m[35m (11.4ms)[0m  [1m[35mCREATE TABLE "ar_internal_metadata" ("key" character varying NOT NULL PRIMARY KEY, "value" character varying, "created_at" timestamp(6) NOT NULL, "updated_at" timestamp(6) NOT NULL)[0m
  [1m[35m (0.3ms)[0m  [1m[34mSELECT pg_try_advisory_lock(902059658052748545)[0m
  [1m[35m (0.8ms)[0m  [1m[34mSELECT "schema_migrations"."version" FROM "schema_migrations" ORDER BY "schema_migrations"."version" ASC[0m
Migrating to CreateUsers (20211117190718)
  [1m[36mTRANSACTION (0.3ms)[0m  [1m[35mBEGIN[0m
  [1m[35m (14.0ms)[0m  [1m[35mCREATE TABLE "users" ("id" bigserial primary key, "name" character varying, "cpf" integer, "created_at" timestamp(6) NOT NULL, "updated_at" timestamp(6) NOT NULL)[0m
  [1m[36mActiveRecord::SchemaMigration Create (1.6ms)[0m  [1m[32mINSERT INTO "schema_migrations" ("version") VALUES ($1) RETURNING "version"[0m  [["version", "20211117190718"]]
  [1m[36mTRANSACTION (2.1ms)[0m  [1m[35mCOMMIT[0m
  [1m[36mActiveRecord::InternalMetadata Load (2.3ms)[0m  [1m[34mSELECT "ar_internal_metadata".* FROM "ar_internal_metadata" WHERE "ar_internal_metadata"."key" = $1 LIMIT $2[0m  [["key", "environment"], ["LIMIT", 1]]
  [1m[36mTRANSACTION (0.4ms)[0m  [1m[35mBEGIN[0m
  [1m[36mActiveRecord::InternalMetadata Create (0.9ms)[0m  [1m[32mINSERT INTO "ar_internal_metadata" ("key", "value", "created_at", "updated_at") VALUES ($1, $2, $3, $4) RETURNING "key"[0m  [["key", "environment"], ["value", "development"], ["created_at", "2021-11-17 19:08:57.417427"], ["updated_at", "2021-11-17 19:08:57.417427"]]
  [1m[36mTRANSACTION (0.9ms)[0m  [1m[35mCOMMIT[0m
  [1m[35m (1.0ms)[0m  [1m[34mSELECT pg_advisory_unlock(902059658052748545)[0m
  [1m[35m (0.9ms)[0m  [1m[34mSELECT "schema_migrations"."version" FROM "schema_migrations" ORDER BY "schema_migrations"."version" ASC[0m
  [1m[35m (0.7ms)[0m  [1m[34mSELECT "schema_migrations"."version" FROM "schema_migrations" ORDER BY "schema_migrations"."version" ASC[0m
  [1m[36mTRANSACTION (0.2ms)[0m  [1m[35mBEGIN[0m
  [1m[36mUser Create (0.9ms)[0m  [1m[32mINSERT INTO "users" ("name", "cpf", "created_at", "updated_at") VALUES ($1, $2, $3, $4) RETURNING "id"[0m  [["name", "Vada"], ["cpf", 291291087], ["created_at", "2021-11-17 19:14:58.840706"], ["updated_at", "2021-11-17 19:14:58.840706"]]
  [1m[36mTRANSACTION (1.7ms)[0m  [1m[35mCOMMIT[0m
  [1m[36mTRANSACTION (0.2ms)[0m  [1m[35mBEGIN[0m
  [1m[36mUser Create (0.4ms)[0m  [1m[32mINSERT INTO "users" ("name", "cpf", "created_at", "updated_at") VALUES ($1, $2, $3, $4) RETURNING "id"[0m  [["name", "Mertie"], ["cpf", 178849003], ["created_at", "2021-11-17 19:14:58.850040"], ["updated_at", "2021-11-17 19:14:58.850040"]]
  [1m[36mTRANSACTION (0.7ms)[0m  [1m[35mCOMMIT[0m
  [1m[36mTRANSACTION (0.2ms)[0m  [1m[35mBEGIN[0m
  [1m[36mUser Create (0.4ms)[0m  [1m[32mINSERT INTO "users" ("name", "cpf", "created_at", "updated_at") VALUES ($1, $2, $3, $4) RETURNING "id"[0m  [["name", "Augustine"], ["cpf", 249910909], ["created_at", "2021-11-17 19:14:58.857203"], ["updated_at", "2021-11-17 19:14:58.857203"]]
  [1m[36mTRANSACTION (1.8ms)[0m  [1m[35mCOMMIT[0m
  [1m[36mTRANSACTION (0.2ms)[0m  [1m[35mBEGIN[0m
  [1m[36mUser Create (0.6ms)[0m  [1m[32mINSERT INTO "users" ("name", "cpf", "created_at", "updated_at") VALUES ($1, $2, $3, $4) RETURNING "id"[0m  [["name", "Cherise"], ["cpf", 589772914], ["created_at", "2021-11-17 19:14:58.865905"], ["updated_at", "2021-11-17 19:14:58.865905"]]
  [1m[36mTRANSACTION (0.7ms)[0m  [1m[35mCOMMIT[0m
  [1m[36mTRANSACTION (0.3ms)[0m  [1m[35mBEGIN[0m
  [1m[36mUser Create (0.7ms)[0m  [1m[32mINSERT INTO "users" ("name", "cpf", "created_at", "updated_at") VALUES ($1, $2, $3, $4) RETURNING "id"[0m  [["name", "Dione"], ["cpf", 161814124], ["created_at", "2021-11-17 19:14:58.874442"], ["updated_at", "2021-11-17 19:14:58.874442"]]
  [1m[36mTRANSACTION (2.0ms)[0m  [1m[35mCOMMIT[0m
  [1m[36mTRANSACTION (0.2ms)[0m  [1m[35mBEGIN[0m
  [1m[36mUser Create (0.7ms)[0m  [1m[32mINSERT INTO "users" ("name", "cpf", "created_at", "updated_at") VALUES ($1, $2, $3, $4) RETURNING "id"[0m  [["name", "Johnsie"], ["cpf", 43076576], ["created_at", "2021-11-17 19:14:58.885604"], ["updated_at", "2021-11-17 19:14:58.885604"]]
  [1m[36mTRANSACTION (0.8ms)[0m  [1m[35mCOMMIT[0m
  [1m[36mTRANSACTION (0.7ms)[0m  [1m[35mBEGIN[0m
  [1m[36mUser Create (0.5ms)[0m  [1m[32mINSERT INTO "users" ("name", "cpf", "created_at", "updated_at") VALUES ($1, $2, $3, $4) RETURNING "id"[0m  [["name", "Alfonzo"], ["cpf", 63976383], ["created_at", "2021-11-17 19:14:58.896275"], ["updated_at", "2021-11-17 19:14:58.896275"]]
  [1m[36mTRANSACTION (1.7ms)[0m  [1m[35mCOMMIT[0m
  [1m[36mTRANSACTION (0.2ms)[0m  [1m[35mBEGIN[0m
  [1m[36mUser Create (0.4ms)[0m  [1m[32mINSERT INTO "users" ("name", "cpf", "created_at", "updated_at") VALUES ($1, $2, $3, $4) RETURNING "id"[0m  [["name", "Alexis"], ["cpf", 387880846], ["created_at", "2021-11-17 19:14:58.907007"], ["updated_at", "2021-11-17 19:14:58.907007"]]
  [1m[36mTRANSACTION (0.7ms)[0m  [1m[35mCOMMIT[0m
  [1m[36mTRANSACTION (0.2ms)[0m  [1m[35mBEGIN[0m
  [1m[36mUser Create (0.4ms)[0m  [1m[32mINSERT INTO "users" ("name", "cpf", "created_at", "updated_at") VALUES ($1, $2, $3, $4) RETURNING "id"[0m  [["name", "Amparo"], ["cpf", 868476668], ["created_at", "2021-11-17 19:14:58.914448"], ["updated_at", "2021-11-17 19:14:58.914448"]]
  [1m[36mTRANSACTION (1.7ms)[0m  [1m[35mCOMMIT[0m
  [1m[36mTRANSACTION (0.2ms)[0m  [1m[35mBEGIN[0m
  [1m[36mUser Create (0.4ms)[0m  [1m[32mINSERT INTO "users" ("name", "cpf", "created_at", "updated_at") VALUES ($1, $2, $3, $4) RETURNING "id"[0m  [["name", "Frederick"], ["cpf", 623227423], ["created_at", "2021-11-17 19:14:58.923173"], ["updated_at", "2021-11-17 19:14:58.923173"]]
  [1m[36mTRANSACTION (0.7ms)[0m  [1m[35mCOMMIT[0m
  [1m[36mTRANSACTION (0.2ms)[0m  [1m[35mBEGIN[0m
  [1m[36mUser Create (0.4ms)[0m  [1m[32mINSERT INTO "users" ("name", "cpf", "created_at", "updated_at") VALUES ($1, $2, $3, $4) RETURNING "id"[0m  [["name", "Tari"], ["cpf", 145487776], ["created_at", "2021-11-17 19:14:58.930738"], ["updated_at", "2021-11-17 19:14:58.930738"]]
  [1m[36mTRANSACTION (1.7ms)[0m  [1m[35mCOMMIT[0m
  [1m[36mTRANSACTION (0.2ms)[0m  [1m[35mBEGIN[0m
  [1m[36mUser Create (0.4ms)[0m  [1m[32mINSERT INTO "users" ("name", "cpf", "created_at", "updated_at") VALUES ($1, $2, $3, $4) RETURNING "id"[0m  [["name", "Jolynn"], ["cpf", 188014392], ["created_at", "2021-11-17 19:14:58.939260"], ["updated_at", "2021-11-17 19:14:58.939260"]]
  [1m[36mTRANSACTION (0.6ms)[0m  [1m[35mCOMMIT[0m
  [1m[36mTRANSACTION (0.2ms)[0m  [1m[35mBEGIN[0m
  [1m[36mUser Create (0.4ms)[0m  [1m[32mINSERT INTO "users" ("name", "cpf", "created_at", "updated_at") VALUES ($1, $2, $3, $4) RETURNING "id"[0m  [["name", "Carol"], ["cpf", 408347768], ["created_at", "2021-11-17 19:14:58.946547"], ["updated_at", "2021-11-17 19:14:58.946547"]]
  [1m[36mTRANSACTION (1.7ms)[0m  [1m[35mCOMMIT[0m
  [1m[36mTRANSACTION (0.2ms)[0m  [1m[35mBEGIN[0m
  [1m[36mUser Create (0.4ms)[0m  [1m[32mINSERT INTO "users" ("name", "cpf", "created_at", "updated_at") VALUES ($1, $2, $3, $4) RETURNING "id"[0m  [["name", "Rogelio"], ["cpf", 234563523], ["created_at", "2021-11-17 19:14:58.955467"], ["updated_at", "2021-11-17 19:14:58.955467"]]
  [1m[36mTRANSACTION (0.6ms)[0m  [1m[35mCOMMIT[0m
  [1m[36mTRANSACTION (0.2ms)[0m  [1m[35mBEGIN[0m
  [1m[36mUser Create (0.4ms)[0m  [1m[32mINSERT INTO "users" ("name", "cpf", "created_at", "updated_at") VALUES ($1, $2, $3, $4) RETURNING "id"[0m  [["name", "Reanna"], ["cpf", 188450971], ["created_at", "2021-11-17 19:14:58.962879"], ["updated_at", "2021-11-17 19:14:58.962879"]]
  [1m[36mTRANSACTION (1.7ms)[0m  [1m[35mCOMMIT[0m
  [1m[36mTRANSACTION (0.2ms)[0m  [1m[35mBEGIN[0m
  [1m[36mUser Create (0.4ms)[0m  [1m[32mINSERT INTO "users" ("name", "cpf", "created_at", "updated_at") VALUES ($1, $2, $3, $4) RETURNING "id"[0m  [["name", "Rossana"], ["cpf", 310574856], ["created_at", "2021-11-17 19:14:58.971084"], ["updated_at", "2021-11-17 19:14:58.971084"]]
  [1m[36mTRANSACTION (0.7ms)[0m  [1m[35mCOMMIT[0m
  [1m[36mTRANSACTION (0.2ms)[0m  [1m[35mBEGIN[0m
  [1m[36mUser Create (0.5ms)[0m  [1m[32mINSERT INTO "users" ("name", "cpf", "created_at", "updated_at") VALUES ($1, $2, $3, $4) RETURNING "id"[0m  [["name", "Herma"], ["cpf", 239991166], ["created_at", "2021-11-17 19:14:58.978136"], ["updated_at", "2021-11-17 19:14:58.978136"]]
  [1m[36mTRANSACTION (1.7ms)[0m  [1m[35mCOMMIT[0m
  [1m[36mTRANSACTION (0.2ms)[0m  [1m[35mBEGIN[0m
  [1m[36mUser Create (0.4ms)[0m  [1m[32mINSERT INTO "users" ("name", "cpf", "created_at", "updated_at") VALUES ($1, $2, $3, $4) RETURNING "id"[0m  [["name", "Barney"], ["cpf", 26934095], ["created_at", "2021-11-17 19:14:58.986635"], ["updated_at", "2021-11-17 19:14:58.986635"]]
  [1m[36mTRANSACTION (0.7ms)[0m  [1m[35mCOMMIT[0m
  [1m[36mTRANSACTION (0.2ms)[0m  [1m[35mBEGIN[0m
  [1m[36mUser Create (0.4ms)[0m  [1m[32mINSERT INTO "users" ("name", "cpf", "created_at", "updated_at") VALUES ($1, $2, $3, $4) RETURNING "id"[0m  [["name", "Chaya"], ["cpf", 936442781], ["created_at", "2021-11-17 19:14:58.993661"], ["updated_at", "2021-11-17 19:14:58.993661"]]
  [1m[36mTRANSACTION (1.8ms)[0m  [1m[35mCOMMIT[0m
  [1m[36mTRANSACTION (0.2ms)[0m  [1m[35mBEGIN[0m
  [1m[36mUser Create (0.4ms)[0m  [1m[32mINSERT INTO "users" ("name", "cpf", "created_at", "updated_at") VALUES ($1, $2, $3, $4) RETURNING "id"[0m  [["name", "Randa"], ["cpf", 950511347], ["created_at", "2021-11-17 19:14:59.002073"], ["updated_at", "2021-11-17 19:14:59.002073"]]
  [1m[36mTRANSACTION (0.7ms)[0m  [1m[35mCOMMIT[0m
  [1m[36mTRANSACTION (0.2ms)[0m  [1m[35mBEGIN[0m
  [1m[36mUser Create (0.4ms)[0m  [1m[32mINSERT INTO "users" ("name", "cpf", "created_at", "updated_at") VALUES ($1, $2, $3, $4) RETURNING "id"[0m  [["name", "Lucile"], ["cpf", 779339534], ["created_at", "2021-11-17 19:14:59.009341"], ["updated_at", "2021-11-17 19:14:59.009341"]]
  [1m[36mTRANSACTION (1.6ms)[0m  [1m[35mCOMMIT[0m
  [1m[36mTRANSACTION (0.2ms)[0m  [1m[35mBEGIN[0m
  [1m[36mUser Create (0.4ms)[0m  [1m[32mINSERT INTO "users" ("name", "cpf", "created_at", "updated_at") VALUES ($1, $2, $3, $4) RETURNING "id"[0m  [["name", "Raymon"], ["cpf", 469240956], ["created_at", "2021-11-17 19:14:59.017676"], ["updated_at", "2021-11-17 19:14:59.017676"]]
  [1m[36mTRANSACTION (0.7ms)[0m  [1m[35mCOMMIT[0m
  [1m[36mTRANSACTION (0.2ms)[0m  [1m[35mBEGIN[0m
  [1m[36mUser Create (0.4ms)[0m  [1m[32mINSERT INTO "users" ("name", "cpf", "created_at", "updated_at") VALUES ($1, $2, $3, $4) RETURNING "id"[0m  [["name", "Murray"], ["cpf", 479691003], ["created_at", "2021-11-17 19:14:59.024514"], ["updated_at", "2021-11-17 19:14:59.024514"]]
  [1m[36mTRANSACTION (1.7ms)[0m  [1m[35mCOMMIT[0m
  [1m[36mTRANSACTION (0.2ms)[0m  [1m[35mBEGIN[0m
  [1m[36mUser Create (0.5ms)[0m  [1m[32mINSERT INTO "users" ("name", "cpf", "created_at", "updated_at") VALUES ($1, $2, $3, $4) RETURNING "id"[0m  [["name", "Clyde"], ["cpf", 197578497], ["created_at", "2021-11-17 19:14:59.032586"], ["updated_at", "2021-11-17 19:14:59.032586"]]
  [1m[36mTRANSACTION (0.9ms)[0m  [1m[35mCOMMIT[0m
  [1m[36mTRANSACTION (0.2ms)[0m  [1m[35mBEGIN[0m
  [1m[36mUser Create (0.4ms)[0m  [1m[32mINSERT INTO "users" ("name", "cpf", "created_at", "updated_at") VALUES ($1, $2, $3, $4) RETURNING "id"[0m  [["name", "Ernesto"], ["cpf", 184318602], ["created_at", "2021-11-17 19:14:59.042292"], ["updated_at", "2021-11-17 19:14:59.042292"]]
  [1m[36mTRANSACTION (1.6ms)[0m  [1m[35mCOMMIT[0m
  [1m[36mTRANSACTION (0.2ms)[0m  [1m[35mBEGIN[0m
  [1m[36mUser Create (0.4ms)[0m  [1m[32mINSERT INTO "users" ("name", "cpf", "created_at", "updated_at") VALUES ($1, $2, $3, $4) RETURNING "id"[0m  [["name", "Bernita"], ["cpf", 517281433], ["created_at", "2021-11-17 19:14:59.051339"], ["updated_at", "2021-11-17 19:14:59.051339"]]
  [1m[36mTRANSACTION (0.8ms)[0m  [1m[35mCOMMIT[0m
  [1m[36mTRANSACTION (0.2ms)[0m  [1m[35mBEGIN[0m
  [1m[36mUser Create (0.5ms)[0m  [1m[32mINSERT INTO "users" ("name", "cpf", "created_at", "updated_at") VALUES ($1, $2, $3, $4) RETURNING "id"[0m  [["name", "Tristan"], ["cpf", 892240643], ["created_at", "2021-11-17 19:14:59.059119"], ["updated_at", "2021-11-17 19:14:59.059119"]]
  [1m[36mTRANSACTION (1.8ms)[0m  [1m[35mCOMMIT[0m
  [1m[36mTRANSACTION (0.2ms)[0m  [1m[35mBEGIN[0m
  [1m[36mUser Create (0.4ms)[0m  [1m[32mINSERT INTO "users" ("name", "cpf", "created_at", "updated_at") VALUES ($1, $2, $3, $4) RETURNING "id"[0m  [["name", "Jesenia"], ["cpf", 870532452], ["created_at", "2021-11-17 19:14:59.067773"], ["updated_at", "2021-11-17 19:14:59.067773"]]
  [1m[36mTRANSACTION (0.8ms)[0m  [1m[35mCOMMIT[0m
  [1m[36mTRANSACTION (0.2ms)[0m  [1m[35mBEGIN[0m
  [1m[36mUser Create (0.5ms)[0m  [1m[32mINSERT INTO "users" ("name", "cpf", "created_at", "updated_at") VALUES ($1, $2, $3, $4) RETURNING "id"[0m  [["name", "Kennith"], ["cpf", 609668088], ["created_at", "2021-11-17 19:14:59.075135"], ["updated_at", "2021-11-17 19:14:59.075135"]]
  [1m[36mTRANSACTION (2.0ms)[0m  [1m[35mCOMMIT[0m
  [1m[36mTRANSACTION (0.2ms)[0m  [1m[35mBEGIN[0m
  [1m[36mUser Create (0.4ms)[0m  [1m[32mINSERT INTO "users" ("name", "cpf", "created_at", "updated_at") VALUES ($1, $2, $3, $4) RETURNING "id"[0m  [["name", "Fausto"], ["cpf", 578192497], ["created_at", "2021-11-17 19:14:59.084100"], ["updated_at", "2021-11-17 19:14:59.084100"]]
  [1m[36mTRANSACTION (0.7ms)[0m  [1m[35mCOMMIT[0m
  [1m[36mTRANSACTION (0.2ms)[0m  [1m[35mBEGIN[0m
  [1m[36mUser Create (0.4ms)[0m  [1m[32mINSERT INTO "users" ("name", "cpf", "created_at", "updated_at") VALUES ($1, $2, $3, $4) RETURNING "id"[0m  [["name", "Glen"], ["cpf", 990302368], ["created_at", "2021-11-17 19:14:59.091334"], ["updated_at", "2021-11-17 19:14:59.091334"]]
  [1m[36mTRANSACTION (1.7ms)[0m  [1m[35mCOMMIT[0m
  [1m[36mTRANSACTION (0.2ms)[0m  [1m[35mBEGIN[0m
  [1m[36mUser Create (0.4ms)[0m  [1m[32mINSERT INTO "users" ("name", "cpf", "created_at", "updated_at") VALUES ($1, $2, $3, $4) RETURNING "id"[0m  [["name", "Ismael"], ["cpf", 672118324], ["created_at", "2021-11-17 19:14:59.117231"], ["updated_at", "2021-11-17 19:14:59.117231"]]
  [1m[36mTRANSACTION (0.6ms)[0m  [1m[35mCOMMIT[0m
  [1m[36mTRANSACTION (0.2ms)[0m  [1m[35mBEGIN[0m
  [1m[36mUser Create (0.4ms)[0m  [1m[32mINSERT INTO "users" ("name", "cpf", "created_at", "updated_at") VALUES ($1, $2, $3, $4) RETURNING "id"[0m  [["name", "Charita"], ["cpf", 814826919], ["created_at", "2021-11-17 19:14:59.124662"], ["updated_at", "2021-11-17 19:14:59.124662"]]
  [1m[36mTRANSACTION (1.7ms)[0m  [1m[35mCOMMIT[0m
  [1m[36mTRANSACTION (0.2ms)[0m  [1m[35mBEGIN[0m
  [1m[36mUser Create (0.4ms)[0m  [1m[32mINSERT INTO "users" ("name", "cpf", "created_at", "updated_at") VALUES ($1, $2, $3, $4) RETURNING "id"[0m  [["name", "Seymour"], ["cpf", 274077676], ["created_at", "2021-11-17 19:14:59.132769"], ["updated_at", "2021-11-17 19:14:59.132769"]]
  [1m[36mTRANSACTION (0.6ms)[0m  [1m[35mCOMMIT[0m
  [1m[36mTRANSACTION (0.2ms)[0m  [1m[35mBEGIN[0m
  [1m[36mUser Create (0.4ms)[0m  [1m[32mINSERT INTO "users" ("name", "cpf", "created_at", "updated_at") VALUES ($1, $2, $3, $4) RETURNING "id"[0m  [["name", "Val"], ["cpf", 375105630], ["created_at", "2021-11-17 19:14:59.139881"], ["updated_at", "2021-11-17 19:14:59.139881"]]
  [1m[36mTRANSACTION (1.6ms)[0m  [1m[35mCOMMIT[0m
  [1m[36mTRANSACTION (0.2ms)[0m  [1m[35mBEGIN[0m
  [1m[36mUser Create (0.4ms)[0m  [1m[32mINSERT INTO "users" ("name", "cpf", "created_at", "updated_at") VALUES ($1, $2, $3, $4) RETURNING "id"[0m  [["name", "Shiela"], ["cpf", 865567347], ["created_at", "2021-11-17 19:14:59.147712"], ["updated_at", "2021-11-17 19:14:59.147712"]]
  [1m[36mTRANSACTION (0.6ms)[0m  [1m[35mCOMMIT[0m
  [1m[36mTRANSACTION (0.2ms)[0m  [1m[35mBEGIN[0m
  [1m[36mUser Create (0.4ms)[0m  [1m[32mINSERT INTO "users" ("name", "cpf", "created_at", "updated_at") VALUES ($1, $2, $3, $4) RETURNING "id"[0m  [["name", "Renaldo"], ["cpf", 482355364], ["created_at", "2021-11-17 19:14:59.154553"], ["updated_at", "2021-11-17 19:14:59.154553"]]
  [1m[36mTRANSACTION (1.7ms)[0m  [1m[35mCOMMIT[0m
  [1m[36mTRANSACTION (0.2ms)[0m  [1m[35mBEGIN[0m
  [1m[36mUser Create (0.4ms)[0m  [1m[32mINSERT INTO "users" ("name", "cpf", "created_at", "updated_at") VALUES ($1, $2, $3, $4) RETURNING "id"[0m  [["name", "Lorelei"], ["cpf", 795322014], ["created_at", "2021-11-17 19:14:59.162626"], ["updated_at", "2021-11-17 19:14:59.162626"]]
  [1m[36mTRANSACTION (0.6ms)[0m  [1m[35mCOMMIT[0m
  [1m[36mTRANSACTION (0.2ms)[0m  [1m[35mBEGIN[0m
  [1m[36mUser Create (0.4ms)[0m  [1m[32mINSERT INTO "users" ("name", "cpf", "created_at", "updated_at") VALUES ($1, $2, $3, $4) RETURNING "id"[0m  [["name", "Freddie"], ["cpf", 433939780], ["created_at", "2021-11-17 19:14:59.170204"], ["updated_at", "2021-11-17 19:14:59.170204"]]
  [1m[36mTRANSACTION (1.7ms)[0m  [1m[35mCOMMIT[0m
  [1m[36mTRANSACTION (0.2ms)[0m  [1m[35mBEGIN[0m
  [1m[36mUser Create (0.4ms)[0m  [1m[32mINSERT INTO "users" ("name", "cpf", "created_at", "updated_at") VALUES ($1, $2, $3, $4) RETURNING "id"[0m  [["name", "Damian"], ["cpf", 527722308], ["created_at", "2021-11-17 19:14:59.179435"], ["updated_at", "2021-11-17 19:14:59.179435"]]
  [1m[36mTRANSACTION (0.6ms)[0m  [1m[35mCOMMIT[0m
  [1m[36mTRANSACTION (0.2ms)[0m  [1m[35mBEGIN[0m
  [1m[36mUser Create (0.4ms)[0m  [1m[32mINSERT INTO "users" ("name", "cpf", "created_at", "updated_at") VALUES ($1, $2, $3, $4) RETURNING "id"[0m  [["name", "Karolyn"], ["cpf", 57524820], ["created_at", "2021-11-17 19:14:59.186821"], ["updated_at", "2021-11-17 19:14:59.186821"]]
  [1m[36mTRANSACTION (1.6ms)[0m  [1m[35mCOMMIT[0m
  [1m[36mTRANSACTION (0.2ms)[0m  [1m[35mBEGIN[0m
  [1m[36mUser Create (0.4ms)[0m  [1m[32mINSERT INTO "users" ("name", "cpf", "created_at", "updated_at") VALUES ($1, $2, $3, $4) RETURNING "id"[0m  [["name", "Isaias"], ["cpf", 227942619], ["created_at", "2021-11-17 19:14:59.195466"], ["updated_at", "2021-11-17 19:14:59.195466"]]
  [1m[36mTRANSACTION (0.7ms)[0m  [1m[35mCOMMIT[0m
  [1m[36mTRANSACTION (0.2ms)[0m  [1m[35mBEGIN[0m
  [1m[36mUser Create (0.4ms)[0m  [1m[32mINSERT INTO "users" ("name", "cpf", "created_at", "updated_at") VALUES ($1, $2, $3, $4) RETURNING "id"[0m  [["name", "Khadijah"], ["cpf", 532538376], ["created_at", "2021-11-17 19:14:59.203343"], ["updated_at", "2021-11-17 19:14:59.203343"]]
  [1m[36mTRANSACTION (1.7ms)[0m  [1m[35mCOMMIT[0m
  [1m[36mTRANSACTION (0.2ms)[0m  [1m[35mBEGIN[0m
  [1m[36mUser Create (0.5ms)[0m  [1m[32mINSERT INTO "users" ("name", "cpf", "created_at", "updated_at") VALUES ($1, $2, $3, $4) RETURNING "id"[0m  [["name", "Leonard"], ["cpf", 244635287], ["created_at", "2021-11-17 19:14:59.211692"], ["updated_at", "2021-11-17 19:14:59.211692"]]
  [1m[36mTRANSACTION (0.6ms)[0m  [1m[35mCOMMIT[0m
  [1m[36mTRANSACTION (0.2ms)[0m  [1m[35mBEGIN[0m
  [1m[36mUser Create (0.4ms)[0m  [1m[32mINSERT INTO "users" ("name", "cpf", "created_at", "updated_at") VALUES ($1, $2, $3, $4) RETURNING "id"[0m  [["name", "Micheal"], ["cpf", 300794830], ["created_at", "2021-11-17 19:14:59.218722"], ["updated_at", "2021-11-17 19:14:59.218722"]]
  [1m[36mTRANSACTION (1.7ms)[0m  [1m[35mCOMMIT[0m
  [1m[36mTRANSACTION (0.2ms)[0m  [1m[35mBEGIN[0m
  [1m[36mUser Create (0.4ms)[0m  [1m[32mINSERT INTO "users" ("name", "cpf", "created_at", "updated_at") VALUES ($1, $2, $3, $4) RETURNING "id"[0m  [["name", "Carmelo"], ["cpf", 69899734], ["created_at", "2021-11-17 19:14:59.227397"], ["updated_at", "2021-11-17 19:14:59.227397"]]
  [1m[36mTRANSACTION (0.6ms)[0m  [1m[35mCOMMIT[0m
  [1m[36mTRANSACTION (0.2ms)[0m  [1m[35mBEGIN[0m
  [1m[36mUser Create (0.4ms)[0m  [1m[32mINSERT INTO "users" ("name", "cpf", "created_at", "updated_at") VALUES ($1, $2, $3, $4) RETURNING "id"[0m  [["name", "Hiroko"], ["cpf", 932785396], ["created_at", "2021-11-17 19:14:59.234320"], ["updated_at", "2021-11-17 19:14:59.234320"]]
  [1m[36mTRANSACTION (1.7ms)[0m  [1m[35mCOMMIT[0m
  [1m[36mTRANSACTION (0.2ms)[0m  [1m[35mBEGIN[0m
  [1m[36mUser Create (0.4ms)[0m  [1m[32mINSERT INTO "users" ("name", "cpf", "created_at", "updated_at") VALUES ($1, $2, $3, $4) RETURNING "id"[0m  [["name", "Joyce"], ["cpf", 343639587], ["created_at", "2021-11-17 19:14:59.243163"], ["updated_at", "2021-11-17 19:14:59.243163"]]
  [1m[36mTRANSACTION (0.7ms)[0m  [1m[35mCOMMIT[0m
  [1m[36mTRANSACTION (0.2ms)[0m  [1m[35mBEGIN[0m
  [1m[36mUser Create (0.4ms)[0m  [1m[32mINSERT INTO "users" ("name", "cpf", "created_at", "updated_at") VALUES ($1, $2, $3, $4) RETURNING "id"[0m  [["name", "Marguerita"], ["cpf", 74568952], ["created_at", "2021-11-17 19:14:59.250541"], ["updated_at", "2021-11-17 19:14:59.250541"]]
  [1m[36mTRANSACTION (1.7ms)[0m  [1m[35mCOMMIT[0m
  [1m[36mTRANSACTION (0.5ms)[0m  [1m[35mBEGIN[0m
  [1m[36mUser Create (0.4ms)[0m  [1m[32mINSERT INTO "users" ("name", "cpf", "created_at", "updated_at") VALUES ($1, $2, $3, $4) RETURNING "id"[0m  [["name", "Clifton"], ["cpf", 926426642], ["created_at", "2021-11-17 19:14:59.259667"], ["updated_at", "2021-11-17 19:14:59.259667"]]
  [1m[36mTRANSACTION (0.7ms)[0m  [1m[35mCOMMIT[0m
Started GET "/api/v1/articles" for 127.0.0.1 at 2021-11-17 17:08:46 -0300
  [1m[35m (2.0ms)[0m  [1m[34mSELECT "schema_migrations"."version" FROM "schema_migrations" ORDER BY "schema_migrations"."version" ASC[0m
  
ActionController::RoutingError (No route matches [GET] "/api/v1/articles"):
  
Started GET "/api/v1/users" for 127.0.0.1 at 2021-11-17 17:08:53 -0300
  
ActionController::RoutingError (uninitialized constant Api::V1::UsersController
Did you mean?  Api::V1::UserController):
  
Started GET "/api/v1/users" for 127.0.0.1 at 2021-11-17 17:09:04 -0300
  
ActionController::RoutingError (uninitialized constant Api::V1::UsersController
Did you mean?  Api::V1::UserController):
  
Started GET "/api/v1/users" for 127.0.0.1 at 2021-11-17 17:09:39 -0300
  
ActionController::RoutingError (uninitialized constant Api::V1::UsersController
Did you mean?  Api::V1::UserController):
  
Started GET "/api/v1/users" for 127.0.0.1 at 2021-11-17 17:10:41 -0300
  
ActionController::RoutingError (uninitialized constant Api::V1::UsersController
Did you mean?  Api::V1::UserController):
  
Started GET "/favicon.ico" for 127.0.0.1 at 2021-11-17 17:10:42 -0300
  
ActionController::RoutingError (No route matches [GET] "/favicon.ico"):
  
Started GET "/api/v1/users" for 127.0.0.1 at 2021-11-17 17:10:57 -0300
  
ActionController::RoutingError (uninitialized constant Api::V1::UsersController
Did you mean?  Api::V1::UserController):
  
Started GET "/Api/v1/users" for 127.0.0.1 at 2021-11-17 17:11:11 -0300
  
ActionController::RoutingError (No route matches [GET] "/Api/v1/users"):
  
Started GET "/a/pi/v1/users" for 127.0.0.1 at 2021-11-17 17:11:16 -0300
  
ActionController::RoutingError (No route matches [GET] "/a/pi/v1/users"):
  
Started GET "/api/v1/users" for 127.0.0.1 at 2021-11-17 17:11:19 -0300
  
ActionController::RoutingError (uninitialized constant Api::V1::UsersController
Did you mean?  Api::V1::UserController):
  
  [1m[36mUser Load (1.0ms)[0m  [1m[34mSELECT "users".* FROM "users"[0m
  [1m[36mUser Load (0.7ms)[0m  [1m[34mSELECT "users".* FROM "users"[0m
  [1m[36mUser Load (1.4ms)[0m  [1m[34mSELECT "users".* FROM "users" ORDER BY created_at DESC[0m
Started GET "/api/v1/users" for 127.0.0.1 at 2021-11-17 17:15:02 -0300
  
ActionController::RoutingError (uninitialized constant Api::V1::UsersController
Did you mean?  Api::V1::UserController):
  
Started GET "/api/v1/users" for 127.0.0.1 at 2021-11-17 17:16:45 -0300
Processing by Api::V1::UsersController#index as HTML
  [1m[36mUser Load (1.6ms)[0m  [1m[34mSELECT "users".* FROM "users" ORDER BY created_at DESC[0m
  ↳ app/controllers/api/v1/users_controller.rb:8:in `index'
Completed 200 OK in 77ms (Views: 24.9ms | ActiveRecord: 30.0ms | Allocations: 11605)


Started GET "/api/v1/users" for 127.0.0.1 at 2021-11-17 17:19:00 -0300
Processing by Api::V1::UsersController#index as */*
  [1m[36mUser Load (3.1ms)[0m  [1m[34mSELECT "users".* FROM "users" ORDER BY created_at DESC[0m
  ↳ app/controllers/api/v1/users_controller.rb:8:in `index'
Completed 200 OK in 47ms (Views: 19.4ms | ActiveRecord: 3.1ms | Allocations: 5009)


Started GET "/api/v1/users/2" for 127.0.0.1 at 2021-11-17 17:20:18 -0300
Processing by Api::V1::UsersController#show as */*
  Parameters: {"id"=>"2"}
  [1m[36mUser Load (1.0ms)[0m  [1m[34mSELECT "users".* FROM "users" WHERE "users"."id" = $1 LIMIT $2[0m  [["id", 2], ["LIMIT", 1]]
  ↳ app/controllers/api/v1/users_controller.rb:13:in `show'
Completed 200 OK in 51ms (Views: 0.9ms | ActiveRecord: 12.3ms | Allocations: 4734)


Started GET "/api/v1/users/2" for 127.0.0.1 at 2021-11-17 17:30:26 -0300
  [1m[35m (2.6ms)[0m  [1m[34mSELECT "schema_migrations"."version" FROM "schema_migrations" ORDER BY "schema_migrations"."version" ASC[0m
Processing by Api::V1::UsersController#show as */*
  Parameters: {"id"=>"2"}
  [1m[36mUser Load (1.5ms)[0m  [1m[34mSELECT "users".* FROM "users" WHERE "users"."id" = $1 LIMIT $2[0m  [["id", 2], ["LIMIT", 1]]
  ↳ app/controllers/api/v1/users_controller.rb:13:in `show'
Completed 200 OK in 44ms (Views: 3.1ms | ActiveRecord: 10.6ms | Allocations: 7881)


Started PUT "/api/v1/users/1" for 127.0.0.1 at 2021-11-17 17:33:06 -0300
  
AbstractController::ActionNotFound (The action 'update' could not be found for Api::V1::UsersController
Did you mean?  create
               index
               show):
  
actionpack (6.1.4.1) lib/abstract_controller/base.rb:160:in `process'
actionpack (6.1.4.1) lib/action_controller/metal.rb:190:in `dispatch'
actionpack (6.1.4.1) lib/action_controller/metal.rb:254:in `dispatch'
actionpack (6.1.4.1) lib/action_dispatch/routing/route_set.rb:50:in `dispatch'
actionpack (6.1.4.1) lib/action_dispatch/routing/route_set.rb:33:in `serve'
actionpack (6.1.4.1) lib/action_dispatch/journey/router.rb:50:in `block in serve'
actionpack (6.1.4.1) lib/action_dispatch/journey/router.rb:32:in `each'
actionpack (6.1.4.1) lib/action_dispatch/journey/router.rb:32:in `serve'
actionpack (6.1.4.1) lib/action_dispatch/routing/route_set.rb:842:in `call'
rack (2.2.3) lib/rack/etag.rb:27:in `call'
rack (2.2.3) lib/rack/conditional_get.rb:40:in `call'
rack (2.2.3) lib/rack/head.rb:12:in `call'
activerecord (6.1.4.1) lib/active_record/migration.rb:601:in `call'
actionpack (6.1.4.1) lib/action_dispatch/middleware/callbacks.rb:27:in `block in call'
activesupport (6.1.4.1) lib/active_support/callbacks.rb:98:in `run_callbacks'
actionpack (6.1.4.1) lib/action_dispatch/middleware/callbacks.rb:26:in `call'
actionpack (6.1.4.1) lib/action_dispatch/middleware/executor.rb:14:in `call'
actionpack (6.1.4.1) lib/action_dispatch/middleware/actionable_exceptions.rb:18:in `call'
actionpack (6.1.4.1) lib/action_dispatch/middleware/debug_exceptions.rb:29:in `call'
actionpack (6.1.4.1) lib/action_dispatch/middleware/show_exceptions.rb:33:in `call'
railties (6.1.4.1) lib/rails/rack/logger.rb:37:in `call_app'
railties (6.1.4.1) lib/rails/rack/logger.rb:26:in `block in call'
activesupport (6.1.4.1) lib/active_support/tagged_logging.rb:99:in `block in tagged'
activesupport (6.1.4.1) lib/active_support/tagged_logging.rb:37:in `tagged'
activesupport (6.1.4.1) lib/active_support/tagged_logging.rb:99:in `tagged'
railties (6.1.4.1) lib/rails/rack/logger.rb:26:in `call'
actionpack (6.1.4.1) lib/action_dispatch/middleware/remote_ip.rb:81:in `call'
actionpack (6.1.4.1) lib/action_dispatch/middleware/request_id.rb:26:in `call'
rack (2.2.3) lib/rack/runtime.rb:22:in `call'
activesupport (6.1.4.1) lib/active_support/cache/strategy/local_cache_middleware.rb:29:in `call'
actionpack (6.1.4.1) lib/action_dispatch/middleware/executor.rb:14:in `call'
actionpack (6.1.4.1) lib/action_dispatch/middleware/static.rb:24:in `call'
rack (2.2.3) lib/rack/sendfile.rb:110:in `call'
actionpack (6.1.4.1) lib/action_dispatch/middleware/host_authorization.rb:98:in `call'
railties (6.1.4.1) lib/rails/engine.rb:539:in `call'
puma (5.5.2) lib/puma/configuration.rb:249:in `call'
puma (5.5.2) lib/puma/request.rb:77:in `block in handle_request'
puma (5.5.2) lib/puma/thread_pool.rb:340:in `with_force_shutdown'
puma (5.5.2) lib/puma/request.rb:76:in `handle_request'
puma (5.5.2) lib/puma/server.rb:447:in `process_client'
puma (5.5.2) lib/puma/thread_pool.rb:147:in `block in spawn_thread'
Started PUT "/api/v1/users/1" for 127.0.0.1 at 2021-11-17 17:33:25 -0300
  [1m[35m (0.7ms)[0m  [1m[34mSELECT "schema_migrations"."version" FROM "schema_migrations" ORDER BY "schema_migrations"."version" ASC[0m
  
AbstractController::ActionNotFound (The action 'update' could not be found for Api::V1::UsersController
Did you mean?  create
               index
               show):
  
actionpack (6.1.4.1) lib/abstract_controller/base.rb:160:in `process'
actionpack (6.1.4.1) lib/action_controller/metal.rb:190:in `dispatch'
actionpack (6.1.4.1) lib/action_controller/metal.rb:254:in `dispatch'
actionpack (6.1.4.1) lib/action_dispatch/routing/route_set.rb:50:in `dispatch'
actionpack (6.1.4.1) lib/action_dispatch/routing/route_set.rb:33:in `serve'
actionpack (6.1.4.1) lib/action_dispatch/journey/router.rb:50:in `block in serve'
actionpack (6.1.4.1) lib/action_dispatch/journey/router.rb:32:in `each'
actionpack (6.1.4.1) lib/action_dispatch/journey/router.rb:32:in `serve'
actionpack (6.1.4.1) lib/action_dispatch/routing/route_set.rb:842:in `call'
rack (2.2.3) lib/rack/etag.rb:27:in `call'
rack (2.2.3) lib/rack/conditional_get.rb:40:in `call'
rack (2.2.3) lib/rack/head.rb:12:in `call'
activerecord (6.1.4.1) lib/active_record/migration.rb:601:in `call'
actionpack (6.1.4.1) lib/action_dispatch/middleware/callbacks.rb:27:in `block in call'
activesupport (6.1.4.1) lib/active_support/callbacks.rb:98:in `run_callbacks'
actionpack (6.1.4.1) lib/action_dispatch/middleware/callbacks.rb:26:in `call'
actionpack (6.1.4.1) lib/action_dispatch/middleware/executor.rb:14:in `call'
actionpack (6.1.4.1) lib/action_dispatch/middleware/actionable_exceptions.rb:18:in `call'
actionpack (6.1.4.1) lib/action_dispatch/middleware/debug_exceptions.rb:29:in `call'
actionpack (6.1.4.1) lib/action_dispatch/middleware/show_exceptions.rb:33:in `call'
railties (6.1.4.1) lib/rails/rack/logger.rb:37:in `call_app'
railties (6.1.4.1) lib/rails/rack/logger.rb:26:in `block in call'
activesupport (6.1.4.1) lib/active_support/tagged_logging.rb:99:in `block in tagged'
activesupport (6.1.4.1) lib/active_support/tagged_logging.rb:37:in `tagged'
activesupport (6.1.4.1) lib/active_support/tagged_logging.rb:99:in `tagged'
railties (6.1.4.1) lib/rails/rack/logger.rb:26:in `call'
actionpack (6.1.4.1) lib/action_dispatch/middleware/remote_ip.rb:81:in `call'
actionpack (6.1.4.1) lib/action_dispatch/middleware/request_id.rb:26:in `call'
rack (2.2.3) lib/rack/runtime.rb:22:in `call'
activesupport (6.1.4.1) lib/active_support/cache/strategy/local_cache_middleware.rb:29:in `call'
actionpack (6.1.4.1) lib/action_dispatch/middleware/executor.rb:14:in `call'
actionpack (6.1.4.1) lib/action_dispatch/middleware/static.rb:24:in `call'
rack (2.2.3) lib/rack/sendfile.rb:110:in `call'
actionpack (6.1.4.1) lib/action_dispatch/middleware/host_authorization.rb:98:in `call'
railties (6.1.4.1) lib/rails/engine.rb:539:in `call'
puma (5.5.2) lib/puma/configuration.rb:249:in `call'
puma (5.5.2) lib/puma/request.rb:77:in `block in handle_request'
puma (5.5.2) lib/puma/thread_pool.rb:340:in `with_force_shutdown'
puma (5.5.2) lib/puma/request.rb:76:in `handle_request'
puma (5.5.2) lib/puma/server.rb:447:in `process_client'
puma (5.5.2) lib/puma/thread_pool.rb:147:in `block in spawn_thread'
Started POST "/api/v1/users/1" for 127.0.0.1 at 2021-11-17 17:33:42 -0300
  
ActionController::RoutingError (No route matches [POST] "/api/v1/users/1"):
  
Started POST "/api/v1/users" for 127.0.0.1 at 2021-11-17 17:34:10 -0300
Processing by Api::V1::UsersController#create as */*
  Parameters: {"nome"=>"thales", "cpf"=>31863853855, "user"=>{"cpf"=>31863853855}}
[31mUnpermitted parameters: :nome, :user[0m
Completed 500 Internal Server Error in 58ms (ActiveRecord: 11.7ms | Allocations: 7431)


  
NoMethodError (undefined method `erros' for #<User id: nil, name: nil, cpf: 31863853855, created_at: nil, updated_at: nil>
Did you mean?  errors):
  
app/controllers/api/v1/users_controller.rb:23:in `create'
Started POST "/api/v1/users" for 127.0.0.1 at 2021-11-17 17:36:09 -0300
Processing by Api::V1::UsersController#create as */*
  Parameters: {"name"=>"thales", "cpf"=>31863853855, "user"=>{"name"=>"thales", "cpf"=>31863853855}}
[31mUnpermitted parameter: :user[0m
  [1m[36mTRANSACTION (0.5ms)[0m  [1m[35mBEGIN[0m
  ↳ app/controllers/api/v1/users_controller.rb:20:in `create'
  [1m[36mTRANSACTION (0.4ms)[0m  [1m[31mROLLBACK[0m
  ↳ app/controllers/api/v1/users_controller.rb:20:in `create'
Completed 500 Internal Server Error in 18ms (ActiveRecord: 0.9ms | Allocations: 1857)


  
ActiveModel::RangeError (31863853855 is out of range for ActiveModel::Type::Integer with limit 4 bytes):
  
app/controllers/api/v1/users_controller.rb:20:in `create'
Started POST "/api/v1/users" for 127.0.0.1 at 2021-11-17 17:36:26 -0300
Processing by Api::V1::UsersController#create as */*
  Parameters: {"name"=>"thales", "cpf"=>318638538, "user"=>{"name"=>"thales", "cpf"=>318638538}}
[31mUnpermitted parameter: :user[0m
  [1m[36mTRANSACTION (0.3ms)[0m  [1m[35mBEGIN[0m
  ↳ app/controllers/api/v1/users_controller.rb:20:in `create'
  [1m[36mUser Create (18.3ms)[0m  [1m[32mINSERT INTO "users" ("name", "cpf", "created_at", "updated_at") VALUES ($1, $2, $3, $4) RETURNING "id"[0m  [["name", "thales"], ["cpf", 318638538], ["created_at", "2021-11-17 20:36:26.856359"], ["updated_at", "2021-11-17 20:36:26.856359"]]
  ↳ app/controllers/api/v1/users_controller.rb:20:in `create'
  [1m[36mTRANSACTION (1.3ms)[0m  [1m[35mCOMMIT[0m
  ↳ app/controllers/api/v1/users_controller.rb:20:in `create'
Completed 200 OK in 30ms (Views: 1.0ms | ActiveRecord: 19.9ms | Allocations: 2129)


Started GET "/api/v1/users/51" for 127.0.0.1 at 2021-11-17 17:36:42 -0300
Processing by Api::V1::UsersController#show as */*
  Parameters: {"id"=>"51"}
  [1m[36mUser Load (0.7ms)[0m  [1m[34mSELECT "users".* FROM "users" WHERE "users"."id" = $1 LIMIT $2[0m  [["id", 51], ["LIMIT", 1]]
  ↳ app/controllers/api/v1/users_controller.rb:13:in `show'
Completed 200 OK in 14ms (Views: 1.0ms | ActiveRecord: 1.1ms | Allocations: 1653)


Started DELETE "/api/v1/users/1" for 127.0.0.1 at 2021-11-17 17:37:56 -0300
Processing by Api::V1::UsersController#destroy as */*
  Parameters: {"id"=>"1"}
  [1m[36mUser Load (0.6ms)[0m  [1m[34mSELECT "users".* FROM "users" WHERE "users"."id" = $1 LIMIT $2[0m  [["id", 1], ["LIMIT", 1]]
  ↳ app/controllers/api/v1/users_controller.rb:29:in `destroy'
  [1m[36mTRANSACTION (0.9ms)[0m  [1m[35mBEGIN[0m
  ↳ app/controllers/api/v1/users_controller.rb:30:in `destroy'
  [1m[36mUser Destroy (0.8ms)[0m  [1m[31mDELETE FROM "users" WHERE "users"."id" = $1[0m  [["id", 1]]
  ↳ app/controllers/api/v1/users_controller.rb:30:in `destroy'
  [1m[36mTRANSACTION (1.9ms)[0m  [1m[35mCOMMIT[0m
  ↳ app/controllers/api/v1/users_controller.rb:30:in `destroy'
Completed 200 OK in 46ms (Views: 1.2ms | ActiveRecord: 9.9ms | Allocations: 5540)


Started GET "/api/v1/users/2" for 127.0.0.1 at 2021-11-17 17:39:03 -0300
Processing by Api::V1::UsersController#show as */*
  Parameters: {"id"=>"2"}
  [1m[36mUser Load (0.7ms)[0m  [1m[34mSELECT "users".* FROM "users" WHERE "users"."id" = $1 LIMIT $2[0m  [["id", 2], ["LIMIT", 1]]
  ↳ app/controllers/api/v1/users_controller.rb:13:in `show'
Completed 200 OK in 29ms (Views: 0.8ms | ActiveRecord: 10.3ms | Allocations: 4080)


Started GET "/api/v1/users/1" for 127.0.0.1 at 2021-11-17 17:39:06 -0300
Processing by Api::V1::UsersController#show as */*
  Parameters: {"id"=>"1"}
  [1m[36mUser Load (0.5ms)[0m  [1m[34mSELECT "users".* FROM "users" WHERE "users"."id" = $1 LIMIT $2[0m  [["id", 1], ["LIMIT", 1]]
  ↳ app/controllers/api/v1/users_controller.rb:13:in `show'
Completed 404 Not Found in 4ms (ActiveRecord: 0.5ms | Allocations: 534)


  
ActiveRecord::RecordNotFound (Couldn't find User with 'id'=1):
  
app/controllers/api/v1/users_controller.rb:13:in `show'
Started GET "/api/v1/users/2" for 127.0.0.1 at 2021-11-17 17:39:08 -0300
Processing by Api::V1::UsersController#show as */*
  Parameters: {"id"=>"2"}
  [1m[36mUser Load (0.6ms)[0m  [1m[34mSELECT "users".* FROM "users" WHERE "users"."id" = $1 LIMIT $2[0m  [["id", 2], ["LIMIT", 1]]
  ↳ app/controllers/api/v1/users_controller.rb:13:in `show'
Completed 200 OK in 5ms (Views: 0.8ms | ActiveRecord: 0.6ms | Allocations: 628)


Started PUT "/api/v1/users/2" for 127.0.0.1 at 2021-11-17 17:39:34 -0300
Processing by Api::V1::UsersController#update as */*
  Parameters: {"name"=>"thales", "cpf"=>318638538, "id"=>"2", "user"=>{"name"=>"thales", "cpf"=>318638538}}
  [1m[36mUser Load (1.1ms)[0m  [1m[34mSELECT "users".* FROM "users" WHERE "users"."id" = $1 LIMIT $2[0m  [["id", 2], ["LIMIT", 1]]
  ↳ app/controllers/api/v1/users_controller.rb:36:in `update'
[31mUnpermitted parameters: :id, :user[0m
Completed 500 Internal Server Error in 28ms (ActiveRecord: 1.1ms | Allocations: 2767)


  
NoMethodError (undefined method `update_attributes' for #<User id: 2, name: "Mertie", cpf: 178849003, created_at: "2021-11-17 19:14:58.850040000 +0000", updated_at: "2021-11-17 19:14:58.850040000 +0000">
Did you mean?  update_attribute):
  
app/controllers/api/v1/users_controller.rb:37:in `update'
Started PUT "/api/v1/users/2" for 127.0.0.1 at 2021-11-17 17:39:53 -0300
Processing by Api::V1::UsersController#update as */*
  Parameters: {"name"=>"thales", "cpf"=>318638538, "id"=>"2", "user"=>{"name"=>"thales", "cpf"=>318638538}}
  [1m[36mUser Load (0.3ms)[0m  [1m[34mSELECT "users".* FROM "users" WHERE "users"."id" = $1 LIMIT $2[0m  [["id", 2], ["LIMIT", 1]]
  ↳ app/controllers/api/v1/users_controller.rb:36:in `update'
[31mUnpermitted parameters: :id, :user[0m
Completed 500 Internal Server Error in 39ms (ActiveRecord: 6.1ms | Allocations: 5102)


  
NoMethodError (undefined method `update_attributes' for #<User id: 2, name: "Mertie", cpf: 178849003, created_at: "2021-11-17 19:14:58.850040000 +0000", updated_at: "2021-11-17 19:14:58.850040000 +0000">
Did you mean?  update_attribute):
  
app/controllers/api/v1/users_controller.rb:37:in `update'
Started PUT "/api/v1/users/2" for 127.0.0.1 at 2021-11-17 17:40:09 -0300
Processing by Api::V1::UsersController#update as */*
  Parameters: {"name"=>"thales", "cpf"=>318638538, "id"=>"2", "user"=>{"name"=>"thales", "cpf"=>318638538}}
  [1m[36mUser Load (0.6ms)[0m  [1m[34mSELECT "users".* FROM "users" WHERE "users"."id" = $1 LIMIT $2[0m  [["id", 2], ["LIMIT", 1]]
  ↳ app/controllers/api/v1/users_controller.rb:36:in `update'
[31mUnpermitted parameters: :id, :user[0m
  [1m[36mTRANSACTION (0.4ms)[0m  [1m[35mBEGIN[0m
  ↳ app/controllers/api/v1/users_controller.rb:37:in `update'
  [1m[36mUser Update (1.1ms)[0m  [1m[33mUPDATE "users" SET "name" = $1, "cpf" = $2, "updated_at" = $3 WHERE "users"."id" = $4[0m  [["name", "thales"], ["cpf", 318638538], ["updated_at", "2021-11-17 20:40:09.441989"], ["id", 2]]
  ↳ app/controllers/api/v1/users_controller.rb:37:in `update'
  [1m[36mTRANSACTION (1.9ms)[0m  [1m[35mCOMMIT[0m
  ↳ app/controllers/api/v1/users_controller.rb:37:in `update'
Completed 200 OK in 34ms (Views: 2.8ms | ActiveRecord: 10.8ms | Allocations: 4985)


Started GET "/api/v1/users/2" for 127.0.0.1 at 2021-11-17 17:41:15 -0300
Processing by Api::V1::UsersController#show as HTML
  Parameters: {"id"=>"2"}
  [1m[36mUser Load (0.4ms)[0m  [1m[34mSELECT "users".* FROM "users" WHERE "users"."id" = $1 LIMIT $2[0m  [["id", 2], ["LIMIT", 1]]
  ↳ app/controllers/api/v1/users_controller.rb:13:in `show'
Completed 200 OK in 4ms (Views: 0.9ms | ActiveRecord: 0.4ms | Allocations: 605)


Started GET "/favicon.ico" for 127.0.0.1 at 2021-11-17 17:41:16 -0300
  
ActionController::RoutingError (No route matches [GET] "/favicon.ico"):
  
  [1m[35m (0.8ms)[0m  [1m[34mSELECT "schema_migrations"."version" FROM "schema_migrations" ORDER BY "schema_migrations"."version" ASC[0m
  [1m[35m (1.1ms)[0m  [1m[34mSELECT "ar_internal_metadata"."value" FROM "ar_internal_metadata" WHERE "ar_internal_metadata"."key" = $1[0m  [["key", "environment"]]
  [1m[35m (0.5ms)[0m  [1m[34mSELECT "schema_migrations"."version" FROM "schema_migrations" ORDER BY "schema_migrations"."version" ASC[0m
  [1m[35m (0.4ms)[0m  [1m[34mSELECT "ar_internal_metadata"."value" FROM "ar_internal_metadata" WHERE "ar_internal_metadata"."key" = $1[0m  [["key", "environment"]]
  [1m[35m (0.5ms)[0m  [1m[34mSELECT "schema_migrations"."version" FROM "schema_migrations" ORDER BY "schema_migrations"."version" ASC[0m
  [1m[35m (0.5ms)[0m  [1m[34mSELECT "ar_internal_metadata"."value" FROM "ar_internal_metadata" WHERE "ar_internal_metadata"."key" = $1[0m  [["key", "environment"]]
  [1m[35m (5031.9ms)[0m  [1m[35mDROP DATABASE IF EXISTS "api_scambu_development"[0m
  [1m[35m (0.7ms)[0m  [1m[34mSELECT "schema_migrations"."version" FROM "schema_migrations" ORDER BY "schema_migrations"."version" ASC[0m
  [1m[35m (0.4ms)[0m  [1m[34mSELECT "ar_internal_metadata"."value" FROM "ar_internal_metadata" WHERE "ar_internal_metadata"."key" = $1[0m  [["key", "environment"]]
  [1m[35m (0.4ms)[0m  [1m[34mSELECT "schema_migrations"."version" FROM "schema_migrations" ORDER BY "schema_migrations"."version" ASC[0m
  [1m[35m (0.3ms)[0m  [1m[34mSELECT "ar_internal_metadata"."value" FROM "ar_internal_metadata" WHERE "ar_internal_metadata"."key" = $1[0m  [["key", "environment"]]
  [1m[35m (0.4ms)[0m  [1m[34mSELECT "schema_migrations"."version" FROM "schema_migrations" ORDER BY "schema_migrations"."version" ASC[0m
  [1m[35m (0.3ms)[0m  [1m[34mSELECT "ar_internal_metadata"."value" FROM "ar_internal_metadata" WHERE "ar_internal_metadata"."key" = $1[0m  [["key", "environment"]]
  [1m[35m (33.1ms)[0m  [1m[35mDROP DATABASE IF EXISTS "api_scambu_development"[0m
  [1m[35m (30.8ms)[0m  [1m[35mDROP DATABASE IF EXISTS "api_scambu_test"[0m
  [1m[35m (202.6ms)[0m  [1m[35mCREATE DATABASE "api_scambu_development" ENCODING = 'unicode'[0m
  [1m[35m (76.6ms)[0m  [1m[35mCREATE DATABASE "api_scambu_test" ENCODING = 'unicode'[0m
  [1m[35m (26.7ms)[0m  [1m[35mCREATE TABLE "schema_migrations" ("version" character varying NOT NULL PRIMARY KEY)[0m
  [1m[35m (8.4ms)[0m  [1m[35mCREATE TABLE "ar_internal_metadata" ("key" character varying NOT NULL PRIMARY KEY, "value" character varying, "created_at" timestamp(6) NOT NULL, "updated_at" timestamp(6) NOT NULL)[0m
  [1m[35m (0.2ms)[0m  [1m[34mSELECT pg_try_advisory_lock(902059658052748545)[0m
  [1m[35m (0.7ms)[0m  [1m[34mSELECT "schema_migrations"."version" FROM "schema_migrations" ORDER BY "schema_migrations"."version" ASC[0m
Migrating to CreateUsers (20211117190718)
  [1m[36mTRANSACTION (0.2ms)[0m  [1m[35mBEGIN[0m
  [1m[35m (14.7ms)[0m  [1m[35mCREATE TABLE "users" ("id" bigserial primary key, "name" character varying, "cpf" character varying, "created_at" timestamp(6) NOT NULL, "updated_at" timestamp(6) NOT NULL)[0m
  [1m[36mActiveRecord::SchemaMigration Create (0.6ms)[0m  [1m[32mINSERT INTO "schema_migrations" ("version") VALUES ($1) RETURNING "version"[0m  [["version", "20211117190718"]]
  [1m[36mTRANSACTION (2.5ms)[0m  [1m[35mCOMMIT[0m
  [1m[36mActiveRecord::InternalMetadata Load (0.8ms)[0m  [1m[34mSELECT "ar_internal_metadata".* FROM "ar_internal_metadata" WHERE "ar_internal_metadata"."key" = $1 LIMIT $2[0m  [["key", "environment"], ["LIMIT", 1]]
  [1m[36mTRANSACTION (0.2ms)[0m  [1m[35mBEGIN[0m
  [1m[36mActiveRecord::InternalMetadata Create (1.4ms)[0m  [1m[32mINSERT INTO "ar_internal_metadata" ("key", "value", "created_at", "updated_at") VALUES ($1, $2, $3, $4) RETURNING "key"[0m  [["key", "environment"], ["value", "development"], ["created_at", "2021-11-17 20:42:42.656906"], ["updated_at", "2021-11-17 20:42:42.656906"]]
  [1m[36mTRANSACTION (1.9ms)[0m  [1m[35mCOMMIT[0m
  [1m[35m (0.4ms)[0m  [1m[34mSELECT pg_advisory_unlock(902059658052748545)[0m
  [1m[35m (0.8ms)[0m  [1m[34mSELECT "schema_migrations"."version" FROM "schema_migrations" ORDER BY "schema_migrations"."version" ASC[0m
  [1m[35m (0.8ms)[0m  [1m[34mSELECT "schema_migrations"."version" FROM "schema_migrations" ORDER BY "schema_migrations"."version" ASC[0m
  [1m[36mTRANSACTION (0.2ms)[0m  [1m[35mBEGIN[0m
  [1m[36mUser Create (0.9ms)[0m  [1m[32mINSERT INTO "users" ("name", "cpf", "created_at", "updated_at") VALUES ($1, $2, $3, $4) RETURNING "id"[0m  [["name", "Lilly"], ["cpf", "0043113259"], ["created_at", "2021-11-17 21:01:39.547265"], ["updated_at", "2021-11-17 21:01:39.547265"]]
  [1m[36mTRANSACTION (0.7ms)[0m  [1m[35mCOMMIT[0m
  [1m[36mTRANSACTION (0.2ms)[0m  [1m[35mBEGIN[0m
  [1m[36mUser Create (0.4ms)[0m  [1m[32mINSERT INTO "users" ("name", "cpf", "created_at", "updated_at") VALUES ($1, $2, $3, $4) RETURNING "id"[0m  [["name", "Jonah"], ["cpf", "0633453693"], ["created_at", "2021-11-17 21:01:39.555993"], ["updated_at", "2021-11-17 21:01:39.555993"]]
  [1m[36mTRANSACTION (1.7ms)[0m  [1m[35mCOMMIT[0m
  [1m[36mTRANSACTION (0.2ms)[0m  [1m[35mBEGIN[0m
  [1m[36mUser Create (0.4ms)[0m  [1m[32mINSERT INTO "users" ("name", "cpf", "created_at", "updated_at") VALUES ($1, $2, $3, $4) RETURNING "id"[0m  [["name", "Scotty"], ["cpf", "0798143020"], ["created_at", "2021-11-17 21:01:39.563888"], ["updated_at", "2021-11-17 21:01:39.563888"]]
  [1m[36mTRANSACTION (0.7ms)[0m  [1m[35mCOMMIT[0m
  [1m[36mTRANSACTION (0.3ms)[0m  [1m[35mBEGIN[0m
  [1m[36mUser Create (0.4ms)[0m  [1m[32mINSERT INTO "users" ("name", "cpf", "created_at", "updated_at") VALUES ($1, $2, $3, $4) RETURNING "id"[0m  [["name", "Felipa"], ["cpf", "0366472026"], ["created_at", "2021-11-17 21:01:39.590163"], ["updated_at", "2021-11-17 21:01:39.590163"]]
  [1m[36mTRANSACTION (1.7ms)[0m  [1m[35mCOMMIT[0m
  [1m[36mTRANSACTION (0.2ms)[0m  [1m[35mBEGIN[0m
  [1m[36mUser Create (0.4ms)[0m  [1m[32mINSERT INTO "users" ("name", "cpf", "created_at", "updated_at") VALUES ($1, $2, $3, $4) RETURNING "id"[0m  [["name", "William"], ["cpf", "0079703177"], ["created_at", "2021-11-17 21:01:39.598963"], ["updated_at", "2021-11-17 21:01:39.598963"]]
  [1m[36mTRANSACTION (0.8ms)[0m  [1m[35mCOMMIT[0m
  [1m[36mTRANSACTION (0.2ms)[0m  [1m[35mBEGIN[0m
  [1m[36mUser Create (0.5ms)[0m  [1m[32mINSERT INTO "users" ("name", "cpf", "created_at", "updated_at") VALUES ($1, $2, $3, $4) RETURNING "id"[0m  [["name", "Deon"], ["cpf", "0424925258"], ["created_at", "2021-11-17 21:01:39.607785"], ["updated_at", "2021-11-17 21:01:39.607785"]]
  [1m[36mTRANSACTION (1.7ms)[0m  [1m[35mCOMMIT[0m
  [1m[36mTRANSACTION (0.2ms)[0m  [1m[35mBEGIN[0m
  [1m[36mUser Create (0.5ms)[0m  [1m[32mINSERT INTO "users" ("name", "cpf", "created_at", "updated_at") VALUES ($1, $2, $3, $4) RETURNING "id"[0m  [["name", "Fredrick"], ["cpf", "0661413515"], ["created_at", "2021-11-17 21:01:39.617843"], ["updated_at", "2021-11-17 21:01:39.617843"]]
  [1m[36mTRANSACTION (0.6ms)[0m  [1m[35mCOMMIT[0m
  [1m[36mTRANSACTION (0.2ms)[0m  [1m[35mBEGIN[0m
  [1m[36mUser Create (0.5ms)[0m  [1m[32mINSERT INTO "users" ("name", "cpf", "created_at", "updated_at") VALUES ($1, $2, $3, $4) RETURNING "id"[0m  [["name", "Luann"], ["cpf", "0533400308"], ["created_at", "2021-11-17 21:01:39.626026"], ["updated_at", "2021-11-17 21:01:39.626026"]]
  [1m[36mTRANSACTION (1.7ms)[0m  [1m[35mCOMMIT[0m
  [1m[36mTRANSACTION (0.2ms)[0m  [1m[35mBEGIN[0m
  [1m[36mUser Create (0.5ms)[0m  [1m[32mINSERT INTO "users" ("name", "cpf", "created_at", "updated_at") VALUES ($1, $2, $3, $4) RETURNING "id"[0m  [["name", "Ken"], ["cpf", "0238503695"], ["created_at", "2021-11-17 21:01:39.635342"], ["updated_at", "2021-11-17 21:01:39.635342"]]
  [1m[36mTRANSACTION (0.8ms)[0m  [1m[35mCOMMIT[0m
  [1m[36mTRANSACTION (0.2ms)[0m  [1m[35mBEGIN[0m
  [1m[36mUser Create (0.4ms)[0m  [1m[32mINSERT INTO "users" ("name", "cpf", "created_at", "updated_at") VALUES ($1, $2, $3, $4) RETURNING "id"[0m  [["name", "Magaly"], ["cpf", "0640950305"], ["created_at", "2021-11-17 21:01:39.644574"], ["updated_at", "2021-11-17 21:01:39.644574"]]
  [1m[36mTRANSACTION (1.8ms)[0m  [1m[35mCOMMIT[0m
  [1m[36mTRANSACTION (0.2ms)[0m  [1m[35mBEGIN[0m
  [1m[36mUser Create (0.4ms)[0m  [1m[32mINSERT INTO "users" ("name", "cpf", "created_at", "updated_at") VALUES ($1, $2, $3, $4) RETURNING "id"[0m  [["name", "Dusty"], ["cpf", "0919087242"], ["created_at", "2021-11-17 21:01:39.653964"], ["updated_at", "2021-11-17 21:01:39.653964"]]
  [1m[36mTRANSACTION (0.7ms)[0m  [1m[35mCOMMIT[0m
  [1m[36mTRANSACTION (0.2ms)[0m  [1m[35mBEGIN[0m
  [1m[36mUser Create (0.4ms)[0m  [1m[32mINSERT INTO "users" ("name", "cpf", "created_at", "updated_at") VALUES ($1, $2, $3, $4) RETURNING "id"[0m  [["name", "Terence"], ["cpf", "0214517984"], ["created_at", "2021-11-17 21:01:39.662324"], ["updated_at", "2021-11-17 21:01:39.662324"]]
  [1m[36mTRANSACTION (1.7ms)[0m  [1m[35mCOMMIT[0m
  [1m[36mTRANSACTION (0.2ms)[0m  [1m[35mBEGIN[0m
  [1m[36mUser Create (0.4ms)[0m  [1m[32mINSERT INTO "users" ("name", "cpf", "created_at", "updated_at") VALUES ($1, $2, $3, $4) RETURNING "id"[0m  [["name", "Hosea"], ["cpf", "0789509140"], ["created_at", "2021-11-17 21:01:39.671168"], ["updated_at", "2021-11-17 21:01:39.671168"]]
  [1m[36mTRANSACTION (0.7ms)[0m  [1m[35mCOMMIT[0m
  [1m[36mTRANSACTION (0.2ms)[0m  [1m[35mBEGIN[0m
  [1m[36mUser Create (0.5ms)[0m  [1m[32mINSERT INTO "users" ("name", "cpf", "created_at", "updated_at") VALUES ($1, $2, $3, $4) RETURNING "id"[0m  [["name", "Buddy"], ["cpf", "0756469803"], ["created_at", "2021-11-17 21:01:39.678516"], ["updated_at", "2021-11-17 21:01:39.678516"]]
  [1m[36mTRANSACTION (2.2ms)[0m  [1m[35mCOMMIT[0m
  [1m[36mTRANSACTION (0.3ms)[0m  [1m[35mBEGIN[0m
  [1m[36mUser Create (0.6ms)[0m  [1m[32mINSERT INTO "users" ("name", "cpf", "created_at", "updated_at") VALUES ($1, $2, $3, $4) RETURNING "id"[0m  [["name", "Venus"], ["cpf", "0275887709"], ["created_at", "2021-11-17 21:01:39.688546"], ["updated_at", "2021-11-17 21:01:39.688546"]]
  [1m[36mTRANSACTION (0.8ms)[0m  [1m[35mCOMMIT[0m
  [1m[36mTRANSACTION (0.4ms)[0m  [1m[35mBEGIN[0m
  [1m[36mUser Create (0.6ms)[0m  [1m[32mINSERT INTO "users" ("name", "cpf", "created_at", "updated_at") VALUES ($1, $2, $3, $4) RETURNING "id"[0m  [["name", "Hana"], ["cpf", "0819993757"], ["created_at", "2021-11-17 21:01:39.702636"], ["updated_at", "2021-11-17 21:01:39.702636"]]
  [1m[36mTRANSACTION (4.4ms)[0m  [1m[35mCOMMIT[0m
  [1m[36mTRANSACTION (0.2ms)[0m  [1m[35mBEGIN[0m
  [1m[36mUser Create (0.7ms)[0m  [1m[32mINSERT INTO "users" ("name", "cpf", "created_at", "updated_at") VALUES ($1, $2, $3, $4) RETURNING "id"[0m  [["name", "Shannon"], ["cpf", "0030292384"], ["created_at", "2021-11-17 21:01:39.717960"], ["updated_at", "2021-11-17 21:01:39.717960"]]
  [1m[36mTRANSACTION (0.7ms)[0m  [1m[35mCOMMIT[0m
  [1m[36mTRANSACTION (0.2ms)[0m  [1m[35mBEGIN[0m
  [1m[36mUser Create (0.6ms)[0m  [1m[32mINSERT INTO "users" ("name", "cpf", "created_at", "updated_at") VALUES ($1, $2, $3, $4) RETURNING "id"[0m  [["name", "Jeannette"], ["cpf", "0140878865"], ["created_at", "2021-11-17 21:01:39.728220"], ["updated_at", "2021-11-17 21:01:39.728220"]]
  [1m[36mTRANSACTION (1.8ms)[0m  [1m[35mCOMMIT[0m
  [1m[36mTRANSACTION (0.2ms)[0m  [1m[35mBEGIN[0m
  [1m[36mUser Create (0.5ms)[0m  [1m[32mINSERT INTO "users" ("name", "cpf", "created_at", "updated_at") VALUES ($1, $2, $3, $4) RETURNING "id"[0m  [["name", "Elke"], ["cpf", "0338577941"], ["created_at", "2021-11-17 21:01:39.741746"], ["updated_at", "2021-11-17 21:01:39.741746"]]
  [1m[36mTRANSACTION (0.7ms)[0m  [1m[35mCOMMIT[0m
  [1m[36mTRANSACTION (0.2ms)[0m  [1m[35mBEGIN[0m
  [1m[36mUser Create (0.5ms)[0m  [1m[32mINSERT INTO "users" ("name", "cpf", "created_at", "updated_at") VALUES ($1, $2, $3, $4) RETURNING "id"[0m  [["name", "Morton"], ["cpf", "0748896390"], ["created_at", "2021-11-17 21:01:39.750360"], ["updated_at", "2021-11-17 21:01:39.750360"]]
  [1m[36mTRANSACTION (1.8ms)[0m  [1m[35mCOMMIT[0m
  [1m[36mTRANSACTION (0.2ms)[0m  [1m[35mBEGIN[0m
  [1m[36mUser Create (0.4ms)[0m  [1m[32mINSERT INTO "users" ("name", "cpf", "created_at", "updated_at") VALUES ($1, $2, $3, $4) RETURNING "id"[0m  [["name", "Al"], ["cpf", "0348778353"], ["created_at", "2021-11-17 21:01:39.760206"], ["updated_at", "2021-11-17 21:01:39.760206"]]
  [1m[36mTRANSACTION (0.7ms)[0m  [1m[35mCOMMIT[0m
  [1m[36mTRANSACTION (0.3ms)[0m  [1m[35mBEGIN[0m
  [1m[36mUser Create (0.5ms)[0m  [1m[32mINSERT INTO "users" ("name", "cpf", "created_at", "updated_at") VALUES ($1, $2, $3, $4) RETURNING "id"[0m  [["name", "Sebastian"], ["cpf", "0083674613"], ["created_at", "2021-11-17 21:01:39.769734"], ["updated_at", "2021-11-17 21:01:39.769734"]]
  [1m[36mTRANSACTION (1.8ms)[0m  [1m[35mCOMMIT[0m
  [1m[36mTRANSACTION (0.3ms)[0m  [1m[35mBEGIN[0m
  [1m[36mUser Create (0.5ms)[0m  [1m[32mINSERT INTO "users" ("name", "cpf", "created_at", "updated_at") VALUES ($1, $2, $3, $4) RETURNING "id"[0m  [["name", "Wilson"], ["cpf", "0459501036"], ["created_at", "2021-11-17 21:01:39.781259"], ["updated_at", "2021-11-17 21:01:39.781259"]]
  [1m[36mTRANSACTION (0.7ms)[0m  [1m[35mCOMMIT[0m
  [1m[36mTRANSACTION (0.2ms)[0m  [1m[35mBEGIN[0m
  [1m[36mUser Create (0.4ms)[0m  [1m[32mINSERT INTO "users" ("name", "cpf", "created_at", "updated_at") VALUES ($1, $2, $3, $4) RETURNING "id"[0m  [["name", "Randal"], ["cpf", "0665550247"], ["created_at", "2021-11-17 21:01:39.791467"], ["updated_at", "2021-11-17 21:01:39.791467"]]
  [1m[36mTRANSACTION (1.7ms)[0m  [1m[35mCOMMIT[0m
  [1m[36mTRANSACTION (0.2ms)[0m  [1m[35mBEGIN[0m
  [1m[36mUser Create (0.6ms)[0m  [1m[32mINSERT INTO "users" ("name", "cpf", "created_at", "updated_at") VALUES ($1, $2, $3, $4) RETURNING "id"[0m  [["name", "Josiah"], ["cpf", "0738545155"], ["created_at", "2021-11-17 21:01:39.801165"], ["updated_at", "2021-11-17 21:01:39.801165"]]
  [1m[36mTRANSACTION (0.8ms)[0m  [1m[35mCOMMIT[0m
  [1m[36mTRANSACTION (0.2ms)[0m  [1m[35mBEGIN[0m
  [1m[36mUser Create (0.5ms)[0m  [1m[32mINSERT INTO "users" ("name", "cpf", "created_at", "updated_at") VALUES ($1, $2, $3, $4) RETURNING "id"[0m  [["name", "Richard"], ["cpf", "0381004887"], ["created_at", "2021-11-17 21:01:39.811085"], ["updated_at", "2021-11-17 21:01:39.811085"]]
  [1m[36mTRANSACTION (1.7ms)[0m  [1m[35mCOMMIT[0m
  [1m[36mTRANSACTION (0.3ms)[0m  [1m[35mBEGIN[0m
  [1m[36mUser Create (0.6ms)[0m  [1m[32mINSERT INTO "users" ("name", "cpf", "created_at", "updated_at") VALUES ($1, $2, $3, $4) RETURNING "id"[0m  [["name", "Will"], ["cpf", "0939605422"], ["created_at", "2021-11-17 21:01:39.821984"], ["updated_at", "2021-11-17 21:01:39.821984"]]
  [1m[36mTRANSACTION (0.7ms)[0m  [1m[35mCOMMIT[0m
  [1m[36mTRANSACTION (0.2ms)[0m  [1m[35mBEGIN[0m
  [1m[36mUser Create (0.5ms)[0m  [1m[32mINSERT INTO "users" ("name", "cpf", "created_at", "updated_at") VALUES ($1, $2, $3, $4) RETURNING "id"[0m  [["name", "Verlene"], ["cpf", "0685737243"], ["created_at", "2021-11-17 21:01:39.832945"], ["updated_at", "2021-11-17 21:01:39.832945"]]
  [1m[36mTRANSACTION (1.7ms)[0m  [1m[35mCOMMIT[0m
  [1m[36mTRANSACTION (0.2ms)[0m  [1m[35mBEGIN[0m
  [1m[36mUser Create (0.5ms)[0m  [1m[32mINSERT INTO "users" ("name", "cpf", "created_at", "updated_at") VALUES ($1, $2, $3, $4) RETURNING "id"[0m  [["name", "Michael"], ["cpf", "0546981841"], ["created_at", "2021-11-17 21:01:39.844717"], ["updated_at", "2021-11-17 21:01:39.844717"]]
  [1m[36mTRANSACTION (0.9ms)[0m  [1m[35mCOMMIT[0m
  [1m[36mTRANSACTION (0.4ms)[0m  [1m[35mBEGIN[0m
  [1m[36mUser Create (0.4ms)[0m  [1m[32mINSERT INTO "users" ("name", "cpf", "created_at", "updated_at") VALUES ($1, $2, $3, $4) RETURNING "id"[0m  [["name", "Marianne"], ["cpf", "0042604688"], ["created_at", "2021-11-17 21:01:39.857082"], ["updated_at", "2021-11-17 21:01:39.857082"]]
  [1m[36mTRANSACTION (1.8ms)[0m  [1m[35mCOMMIT[0m
  [1m[36mTRANSACTION (0.2ms)[0m  [1m[35mBEGIN[0m
  [1m[36mUser Create (0.5ms)[0m  [1m[32mINSERT INTO "users" ("name", "cpf", "created_at", "updated_at") VALUES ($1, $2, $3, $4) RETURNING "id"[0m  [["name", "Camille"], ["cpf", "0270864921"], ["created_at", "2021-11-17 21:01:39.869136"], ["updated_at", "2021-11-17 21:01:39.869136"]]
  [1m[36mTRANSACTION (0.6ms)[0m  [1m[35mCOMMIT[0m
  [1m[36mTRANSACTION (0.2ms)[0m  [1m[35mBEGIN[0m
  [1m[36mUser Create (0.4ms)[0m  [1m[32mINSERT INTO "users" ("name", "cpf", "created_at", "updated_at") VALUES ($1, $2, $3, $4) RETURNING "id"[0m  [["name", "Rhett"], ["cpf", "0117568695"], ["created_at", "2021-11-17 21:01:39.877466"], ["updated_at", "2021-11-17 21:01:39.877466"]]
  [1m[36mTRANSACTION (1.7ms)[0m  [1m[35mCOMMIT[0m
  [1m[36mTRANSACTION (0.5ms)[0m  [1m[35mBEGIN[0m
  [1m[36mUser Create (0.4ms)[0m  [1m[32mINSERT INTO "users" ("name", "cpf", "created_at", "updated_at") VALUES ($1, $2, $3, $4) RETURNING "id"[0m  [["name", "Evelyne"], ["cpf", "0976459168"], ["created_at", "2021-11-17 21:01:39.887747"], ["updated_at", "2021-11-17 21:01:39.887747"]]
  [1m[36mTRANSACTION (1.3ms)[0m  [1m[35mCOMMIT[0m
  [1m[36mTRANSACTION (0.3ms)[0m  [1m[35mBEGIN[0m
  [1m[36mUser Create (0.5ms)[0m  [1m[32mINSERT INTO "users" ("name", "cpf", "created_at", "updated_at") VALUES ($1, $2, $3, $4) RETURNING "id"[0m  [["name", "Jefferson"], ["cpf", "0321842162"], ["created_at", "2021-11-17 21:01:39.901314"], ["updated_at", "2021-11-17 21:01:39.901314"]]
  [1m[36mTRANSACTION (1.7ms)[0m  [1m[35mCOMMIT[0m
  [1m[36mTRANSACTION (0.4ms)[0m  [1m[35mBEGIN[0m
  [1m[36mUser Create (0.7ms)[0m  [1m[32mINSERT INTO "users" ("name", "cpf", "created_at", "updated_at") VALUES ($1, $2, $3, $4) RETURNING "id"[0m  [["name", "Tessie"], ["cpf", "0525552270"], ["created_at", "2021-11-17 21:01:39.914696"], ["updated_at", "2021-11-17 21:01:39.914696"]]
  [1m[36mTRANSACTION (1.1ms)[0m  [1m[35mCOMMIT[0m
  [1m[36mTRANSACTION (0.3ms)[0m  [1m[35mBEGIN[0m
  [1m[36mUser Create (0.7ms)[0m  [1m[32mINSERT INTO "users" ("name", "cpf", "created_at", "updated_at") VALUES ($1, $2, $3, $4) RETURNING "id"[0m  [["name", "Hwa"], ["cpf", "0894880501"], ["created_at", "2021-11-17 21:01:39.926963"], ["updated_at", "2021-11-17 21:01:39.926963"]]
  [1m[36mTRANSACTION (2.1ms)[0m  [1m[35mCOMMIT[0m
  [1m[36mTRANSACTION (0.4ms)[0m  [1m[35mBEGIN[0m
  [1m[36mUser Create (0.7ms)[0m  [1m[32mINSERT INTO "users" ("name", "cpf", "created_at", "updated_at") VALUES ($1, $2, $3, $4) RETURNING "id"[0m  [["name", "Tracy"], ["cpf", "0457438219"], ["created_at", "2021-11-17 21:01:39.945582"], ["updated_at", "2021-11-17 21:01:39.945582"]]
  [1m[36mTRANSACTION (0.8ms)[0m  [1m[35mCOMMIT[0m
  [1m[36mTRANSACTION (0.3ms)[0m  [1m[35mBEGIN[0m
  [1m[36mUser Create (0.7ms)[0m  [1m[32mINSERT INTO "users" ("name", "cpf", "created_at", "updated_at") VALUES ($1, $2, $3, $4) RETURNING "id"[0m  [["name", "Jarrett"], ["cpf", "0125350813"], ["created_at", "2021-11-17 21:01:39.959144"], ["updated_at", "2021-11-17 21:01:39.959144"]]
  [1m[36mTRANSACTION (1.9ms)[0m  [1m[35mCOMMIT[0m
  [1m[36mTRANSACTION (0.4ms)[0m  [1m[35mBEGIN[0m
  [1m[36mUser Create (0.5ms)[0m  [1m[32mINSERT INTO "users" ("name", "cpf", "created_at", "updated_at") VALUES ($1, $2, $3, $4) RETURNING "id"[0m  [["name", "Jacquelyne"], ["cpf", "0186795445"], ["created_at", "2021-11-17 21:01:39.976361"], ["updated_at", "2021-11-17 21:01:39.976361"]]
  [1m[36mTRANSACTION (0.8ms)[0m  [1m[35mCOMMIT[0m
  [1m[36mTRANSACTION (0.8ms)[0m  [1m[35mBEGIN[0m
  [1m[36mUser Create (2.2ms)[0m  [1m[32mINSERT INTO "users" ("name", "cpf", "created_at", "updated_at") VALUES ($1, $2, $3, $4) RETURNING "id"[0m  [["name", "Prince"], ["cpf", "0700971246"], ["created_at", "2021-11-17 21:01:39.991390"], ["updated_at", "2021-11-17 21:01:39.991390"]]
  [1m[36mTRANSACTION (1.9ms)[0m  [1m[35mCOMMIT[0m
  [1m[36mTRANSACTION (0.7ms)[0m  [1m[35mBEGIN[0m
  [1m[36mUser Create (0.6ms)[0m  [1m[32mINSERT INTO "users" ("name", "cpf", "created_at", "updated_at") VALUES ($1, $2, $3, $4) RETURNING "id"[0m  [["name", "Alva"], ["cpf", "0805706245"], ["created_at", "2021-11-17 21:01:40.010662"], ["updated_at", "2021-11-17 21:01:40.010662"]]
  [1m[36mTRANSACTION (0.9ms)[0m  [1m[35mCOMMIT[0m
  [1m[36mTRANSACTION (5.7ms)[0m  [1m[35mBEGIN[0m
  [1m[36mUser Create (0.6ms)[0m  [1m[32mINSERT INTO "users" ("name", "cpf", "created_at", "updated_at") VALUES ($1, $2, $3, $4) RETURNING "id"[0m  [["name", "Esteban"], ["cpf", "0401628065"], ["created_at", "2021-11-17 21:01:40.025546"], ["updated_at", "2021-11-17 21:01:40.025546"]]
  [1m[36mTRANSACTION (2.2ms)[0m  [1m[35mCOMMIT[0m
  [1m[36mTRANSACTION (0.3ms)[0m  [1m[35mBEGIN[0m
  [1m[36mUser Create (0.5ms)[0m  [1m[32mINSERT INTO "users" ("name", "cpf", "created_at", "updated_at") VALUES ($1, $2, $3, $4) RETURNING "id"[0m  [["name", "Vern"], ["cpf", "0951981016"], ["created_at", "2021-11-17 21:01:40.045814"], ["updated_at", "2021-11-17 21:01:40.045814"]]
  [1m[36mTRANSACTION (0.8ms)[0m  [1m[35mCOMMIT[0m
  [1m[36mTRANSACTION (0.5ms)[0m  [1m[35mBEGIN[0m
  [1m[36mUser Create (0.6ms)[0m  [1m[32mINSERT INTO "users" ("name", "cpf", "created_at", "updated_at") VALUES ($1, $2, $3, $4) RETURNING "id"[0m  [["name", "Roxane"], ["cpf", "0182348132"], ["created_at", "2021-11-17 21:01:40.058804"], ["updated_at", "2021-11-17 21:01:40.058804"]]
  [1m[36mTRANSACTION (9.0ms)[0m  [1m[35mCOMMIT[0m
  [1m[36mTRANSACTION (0.3ms)[0m  [1m[35mBEGIN[0m
  [1m[36mUser Create (1.0ms)[0m  [1m[32mINSERT INTO "users" ("name", "cpf", "created_at", "updated_at") VALUES ($1, $2, $3, $4) RETURNING "id"[0m  [["name", "Arielle"], ["cpf", "0260307577"], ["created_at", "2021-11-17 21:01:40.081059"], ["updated_at", "2021-11-17 21:01:40.081059"]]
  [1m[36mTRANSACTION (0.8ms)[0m  [1m[35mCOMMIT[0m
  [1m[36mTRANSACTION (0.3ms)[0m  [1m[35mBEGIN[0m
  [1m[36mUser Create (4.4ms)[0m  [1m[32mINSERT INTO "users" ("name", "cpf", "created_at", "updated_at") VALUES ($1, $2, $3, $4) RETURNING "id"[0m  [["name", "Bernard"], ["cpf", "0303766994"], ["created_at", "2021-11-17 21:01:40.094658"], ["updated_at", "2021-11-17 21:01:40.094658"]]
  [1m[36mTRANSACTION (1.8ms)[0m  [1m[35mCOMMIT[0m
  [1m[36mTRANSACTION (0.2ms)[0m  [1m[35mBEGIN[0m
  [1m[36mUser Create (0.7ms)[0m  [1m[32mINSERT INTO "users" ("name", "cpf", "created_at", "updated_at") VALUES ($1, $2, $3, $4) RETURNING "id"[0m  [["name", "Lessie"], ["cpf", "0698744913"], ["created_at", "2021-11-17 21:01:40.111979"], ["updated_at", "2021-11-17 21:01:40.111979"]]
  [1m[36mTRANSACTION (1.4ms)[0m  [1m[35mCOMMIT[0m
  [1m[36mTRANSACTION (1.2ms)[0m  [1m[35mBEGIN[0m
  [1m[36mUser Create (0.6ms)[0m  [1m[32mINSERT INTO "users" ("name", "cpf", "created_at", "updated_at") VALUES ($1, $2, $3, $4) RETURNING "id"[0m  [["name", "Theresia"], ["cpf", "0946149820"], ["created_at", "2021-11-17 21:01:40.124693"], ["updated_at", "2021-11-17 21:01:40.124693"]]
  [1m[36mTRANSACTION (1.9ms)[0m  [1m[35mCOMMIT[0m
  [1m[36mTRANSACTION (0.2ms)[0m  [1m[35mBEGIN[0m
  [1m[36mUser Create (0.7ms)[0m  [1m[32mINSERT INTO "users" ("name", "cpf", "created_at", "updated_at") VALUES ($1, $2, $3, $4) RETURNING "id"[0m  [["name", "Jesus"], ["cpf", "0557264619"], ["created_at", "2021-11-17 21:01:40.139159"], ["updated_at", "2021-11-17 21:01:40.139159"]]
  [1m[36mTRANSACTION (1.0ms)[0m  [1m[35mCOMMIT[0m
  [1m[36mTRANSACTION (0.2ms)[0m  [1m[35mBEGIN[0m
  [1m[36mUser Create (0.5ms)[0m  [1m[32mINSERT INTO "users" ("name", "cpf", "created_at", "updated_at") VALUES ($1, $2, $3, $4) RETURNING "id"[0m  [["name", "Raymon"], ["cpf", "0978243598"], ["created_at", "2021-11-17 21:01:40.151692"], ["updated_at", "2021-11-17 21:01:40.151692"]]
  [1m[36mTRANSACTION (5.6ms)[0m  [1m[35mCOMMIT[0m
Started GET "/api/v1/users/1" for 127.0.0.1 at 2021-11-17 18:02:57 -0300
  [1m[35m (0.9ms)[0m  [1m[34mSELECT "schema_migrations"."version" FROM "schema_migrations" ORDER BY "schema_migrations"."version" ASC[0m
Processing by Api::V1::UsersController#show as */*
  Parameters: {"id"=>"1"}
  [1m[36mUser Load (2.0ms)[0m  [1m[34mSELECT "users".* FROM "users" WHERE "users"."id" = $1 LIMIT $2[0m  [["id", 1], ["LIMIT", 1]]
  ↳ app/controllers/api/v1/users_controller.rb:13:in `show'
Completed 200 OK in 68ms (Views: 1.3ms | ActiveRecord: 14.7ms | Allocations: 7848)


Started GET "/api/v1/users/1" for 127.0.0.1 at 2021-11-18 13:38:01 -0300
  [1m[35m (1.4ms)[0m  [1m[34mSELECT "schema_migrations"."version" FROM "schema_migrations" ORDER BY "schema_migrations"."version" ASC[0m
Processing by Api::V1::UsersController#show as */*
  Parameters: {"id"=>"1"}
  [1m[36mUser Load (3.1ms)[0m  [1m[34mSELECT "users".* FROM "users" WHERE "users"."id" = $1 LIMIT $2[0m  [["id", 1], ["LIMIT", 1]]
  ↳ app/controllers/api/v1/users_controller.rb:13:in `show'
Completed 200 OK in 65ms (Views: 2.9ms | ActiveRecord: 15.1ms | Allocations: 7891)


Started GET "/api/v1/users/3" for 127.0.0.1 at 2021-11-18 13:38:07 -0300
Processing by Api::V1::UsersController#show as */*
  Parameters: {"id"=>"3"}
  [1m[36mUser Load (2.2ms)[0m  [1m[34mSELECT "users".* FROM "users" WHERE "users"."id" = $1 LIMIT $2[0m  [["id", 3], ["LIMIT", 1]]
  ↳ app/controllers/api/v1/users_controller.rb:13:in `show'
Completed 200 OK in 7ms (Views: 1.3ms | ActiveRecord: 2.2ms | Allocations: 655)


